<?xml version="1.0" encoding="UTF-8"?>
<!-- Generated by org.testng.reporters.JUnitReportReporter -->
<testsuite skipped="0" hostname="Legion" name="selenium.test" tests="5" failures="0" timestamp="25 Aug 2020 19:40:33 GMT" time="49.043" errors="0">
  <testcase name="clientTest" time="9.106" classname="selenium.test"/>
  <testcase name="carTest" time="17.444" classname="selenium.test"/>
  <testcase name="orderTest" time="7.740" classname="selenium.test"/>
  <testcase name="errorTest1" time="6.038" classname="selenium.test"/>
  <testcase name="errorTest2" time="8.715" classname="selenium.test"/>
</testsuite> <!-- selenium.test -->
