<?xml version="1.0" encoding="UTF-8"?>
<!-- Generated by org.testng.reporters.JUnitReportReporter -->
<testsuite hostname="Legion" failures="0" tests="7" name="Tests.TestClients" time="0.024" errors="0" timestamp="01 Apr 2020 11:06:24 GMT" skipped="0">
  <testcase classname="Tests.TestClients" name="TestE_mail" time="0.004"/>
  <testcase classname="Tests.TestClients" name="TestUpdate" time="0.000"/>
  <testcase classname="Tests.TestClients" name="TestStatus" time="0.003"/>
  <testcase classname="Tests.TestClients" name="TestName" time="0.001"/>
  <testcase classname="Tests.TestClients" name="TestDelete" time="0.002"/>
  <testcase classname="Tests.TestClients" name="TestDate" time="0.005"/>
  <testcase classname="Tests.TestClients" name="TestInsert" time="0.009"/>
</testsuite> <!-- Tests.TestClients -->
