<?xml version="1.0" encoding="UTF-8"?>
<!-- Generated by org.testng.reporters.JUnitReportReporter -->
<testsuite hostname="Legion" failures="0" tests="3" name="Tests.TestModels" time="0.003" errors="0" timestamp="25 Mar 2020 14:33:10 GMT" skipped="0">
  <testcase classname="Tests.TestModels" name="TestTitle" time="0.002"/>
  <testcase classname="Tests.TestModels" name="TestDelete" time="0.001"/>
  <testcase classname="Tests.TestModels" name="TestUpdate" time="0.000"/>
</testsuite> <!-- Tests.TestModels -->
