<?xml version="1.0" encoding="UTF-8"?>
<!-- Generated by org.testng.reporters.JUnitReportReporter -->
<testsuite hostname="Legion" failures="0" tests="4" name="Tests.TestDevelopers" time="0.030" errors="0" timestamp="01 Apr 2020 11:06:24 GMT" skipped="0">
  <testcase classname="Tests.TestDevelopers" name="TestInsert" time="0.023"/>
  <testcase classname="Tests.TestDevelopers" name="TestDelete" time="0.002"/>
  <testcase classname="Tests.TestDevelopers" name="TestModels" time="0.005"/>
  <testcase classname="Tests.TestDevelopers" name="TestUpdate" time="0.000"/>
</testsuite> <!-- Tests.TestDevelopers -->
