<?xml version="1.0" encoding="UTF-8"?>
<!-- Generated by org.testng.reporters.JUnitReportReporter -->
<testsuite hostname="Legion" failures="0" tests="3" name="Tests.TestDevelopers" time="0.006" errors="0" timestamp="25 Mar 2020 14:33:10 GMT" skipped="0">
  <testcase classname="Tests.TestDevelopers" name="TestDelete" time="0.001"/>
  <testcase classname="Tests.TestDevelopers" name="TestModels" time="0.004"/>
  <testcase classname="Tests.TestDevelopers" name="TestUpdate" time="0.001"/>
</testsuite> <!-- Tests.TestDevelopers -->
