<?xml version="1.0" encoding="UTF-8"?>
<!-- Generated by org.testng.reporters.JUnitReportReporter -->
<testsuite hostname="Legion" failures="0" tests="7" name="Tests.TestCars" time="0.128" errors="0" timestamp="25 Mar 2020 14:33:10 GMT" skipped="0">
  <testcase classname="Tests.TestCars" name="TestPrice" time="0.005"/>
  <testcase classname="Tests.TestCars" name="TestTestDrive" time="0.005"/>
  <testcase classname="Tests.TestCars" name="TestModel" time="0.004"/>
  <testcase classname="Tests.TestCars" name="TestDelete" time="0.035"/>
  <testcase classname="Tests.TestCars" name="TestDevice" time="0.074"/>
  <testcase classname="Tests.TestCars" name="TestNumber" time="0.004"/>
  <testcase classname="Tests.TestCars" name="TestUpdate" time="0.001"/>
</testsuite> <!-- Tests.TestCars -->
