<?xml version="1.0" encoding="UTF-8"?>
<!-- Generated by org.testng.reporters.JUnitReportReporter -->
<testsuite hostname="Legion" failures="0" tests="5" name="Tests.TestOrders" time="0.016" errors="0" timestamp="25 Mar 2020 14:33:10 GMT" skipped="0">
  <testcase classname="Tests.TestOrders" name="TestNumber" time="0.005"/>
  <testcase classname="Tests.TestOrders" name="TestStatus" time="0.003"/>
  <testcase classname="Tests.TestOrders" name="TestDate" time="0.004"/>
  <testcase classname="Tests.TestOrders" name="TestDelete" time="0.003"/>
  <testcase classname="Tests.TestOrders" name="TestUpdate" time="0.001"/>
</testsuite> <!-- Tests.TestOrders -->
