<?xml version="1.0" encoding="UTF-8"?>
<!-- Generated by org.testng.reporters.JUnitReportReporter -->
<testsuite hostname="Legion" failures="0" tests="4" name="Tests.TestModels" time="0.017" errors="0" timestamp="01 Apr 2020 11:06:24 GMT" skipped="0">
  <testcase classname="Tests.TestModels" name="TestInsert" time="0.006"/>
  <testcase classname="Tests.TestModels" name="TestDelete" time="0.003"/>
  <testcase classname="Tests.TestModels" name="TestTitle" time="0.004"/>
  <testcase classname="Tests.TestModels" name="TestUpdate" time="0.004"/>
</testsuite> <!-- Tests.TestModels -->
