<?xml version="1.0" encoding="UTF-8"?>
<!-- Generated by org.testng.reporters.JUnitReportReporter -->
<testsuite hostname="Legion" failures="0" tests="6" name="Tests.TestOrders" time="0.047" errors="0" timestamp="01 Apr 2020 11:06:24 GMT" skipped="0">
  <testcase classname="Tests.TestOrders" name="TestStatus" time="0.003"/>
  <testcase classname="Tests.TestOrders" name="TestDate" time="0.012"/>
  <testcase classname="Tests.TestOrders" name="TestInsert" time="0.018"/>
  <testcase classname="Tests.TestOrders" name="TestDelete" time="0.003"/>
  <testcase classname="Tests.TestOrders" name="TestNumber" time="0.010"/>
  <testcase classname="Tests.TestOrders" name="TestUpdate" time="0.001"/>
</testsuite> <!-- Tests.TestOrders -->
