<?xml version="1.0" encoding="UTF-8"?>
<!-- Generated by org.testng.reporters.JUnitReportReporter -->
<testsuite hostname="Legion" failures="0" tests="8" name="Tests.TestCars" time="0.159" errors="0" timestamp="01 Apr 2020 11:06:24 GMT" skipped="0">
  <testcase classname="Tests.TestCars" name="TestModel" time="0.005"/>
  <testcase classname="Tests.TestCars" name="TestDelete" time="0.042"/>
  <testcase classname="Tests.TestCars" name="TestPrice" time="0.004"/>
  <testcase classname="Tests.TestCars" name="TestTestDrive" time="0.004"/>
  <testcase classname="Tests.TestCars" name="TestUpdate" time="0.001"/>
  <testcase classname="Tests.TestCars" name="TestNumber" time="0.001"/>
  <testcase classname="Tests.TestCars" name="TestDevice" time="0.068"/>
  <testcase classname="Tests.TestCars" name="TestInsert" time="0.034"/>
</testsuite> <!-- Tests.TestCars -->
