<?xml version="1.0" encoding="UTF-8"?>
<!-- Generated by org.testng.reporters.JUnitReportReporter -->
<testsuite hostname="Legion" failures="0" tests="6" name="Tests.TestClients" time="0.018" errors="0" timestamp="25 Mar 2020 14:33:10 GMT" skipped="0">
  <testcase classname="Tests.TestClients" name="TestName" time="0.002"/>
  <testcase classname="Tests.TestClients" name="TestDate" time="0.006"/>
  <testcase classname="Tests.TestClients" name="TestUpdate" time="0.000"/>
  <testcase classname="Tests.TestClients" name="TestStatus" time="0.006"/>
  <testcase classname="Tests.TestClients" name="TestE_mail" time="0.003"/>
  <testcase classname="Tests.TestClients" name="TestDelete" time="0.001"/>
</testsuite> <!-- Tests.TestClients -->
