<?xml version="1.0" encoding="UTF-8"?>
<!-- Generated by org.testng.reporters.JUnitReportReporter -->
<testsuite hostname="Legion" failures="0" tests="4" name="Tests.TestDevices" time="0.027" errors="0" timestamp="01 Apr 2020 11:06:24 GMT" skipped="0">
  <testcase classname="Tests.TestDevices" name="TestDelete" time="0.001"/>
  <testcase classname="Tests.TestDevices" name="TestCars" time="0.014"/>
  <testcase classname="Tests.TestDevices" name="TestInsert" time="0.011"/>
  <testcase classname="Tests.TestDevices" name="TestUpdate" time="0.001"/>
</testsuite> <!-- Tests.TestDevices -->
