<?xml version="1.0" encoding="UTF-8"?>
<!-- Generated by org.testng.reporters.JUnitReportReporter -->
<testsuite hostname="Legion" failures="0" tests="3" name="Tests.TestDevices" time="0.007" errors="0" timestamp="25 Mar 2020 14:33:10 GMT" skipped="0">
  <testcase classname="Tests.TestDevices" name="TestDelete" time="0.001"/>
  <testcase classname="Tests.TestDevices" name="TestCars" time="0.005"/>
  <testcase classname="Tests.TestDevices" name="TestUpdate" time="0.001"/>
</testsuite> <!-- Tests.TestDevices -->
